
=== Frustration Analysis (Protein A) ===

=== Nash Frustration Analysis ===
Spectral radius of J: 1.0131 (stable if < 1)
Unstable modes: 14/70
Mean frustration: 0.0824

Per-residue frustration:
  Idx  AA  Frustration  Bar
  ----------------------------------------
    0  L   0.180       |###                 |
    1  S   0.212       |####                |
    2  D   0.003       |                    |
    3  E   0.002       |                    |
    4  D   0.002       |                    |
    5  F   0.090       |#                   |
    6  K   0.010       |                    |
    7  A   0.003       |                    |
    8  V   0.001       |                    |
    9  F   0.016       |                    |
   10  G   0.000       |                    |
   11  M   1.000       |####################| <-- HIGH
   12  T   0.381       |#######             |
   13  R   0.002       |                    |
   14  S   0.000       |                    |
   15  A   0.004       |                    |
   16  F   0.023       |                    |
   17  A   0.003       |                    |
   18  N   0.000       |                    |
   19  L   0.174       |###                 |
   20  P   0.490       |#########           |
   21  L   0.006       |                    |
   22  W   0.000       |                    |
   23  K   0.015       |                    |
   24  Q   0.007       |                    |
   25  Q   0.000       |                    |
   26  H   0.000       |                    |
   27  L   0.079       |#                   |
   28  K   0.009       |                    |
   29  K   0.006       |                    |
   30  E   0.003       |                    |
   31  K   0.004       |                    |
   32  G   0.000       |                    |
   33  L   0.158       |###                 |
   34  F   0.001       |                    |

High-frustration residues (>0.5): ['M11']
Low-frustration anchors (<0.1): ['D2', 'E3', 'D4', 'F5', 'K6', 'A7', 'V8', 'F9', 'G10', 'R13', 'S14', 'A15', 'F16', 'A17', 'N18', 'L21', 'W22', 'K23', 'Q24', 'Q25', 'H26', 'L27', 'K28', 'K29', 'E30', 'K31', 'G32', 'F34']
Wrote frustration PDB: /opt/fst_calculations/data/pdb/1YRF_frustration.pdb
  Visualize in PyMOL: spectrum b, blue_white_red, minimum=0, maximum=100
  Visualize in ChimeraX: color bfactor palette blue:white:red range 0,100

=== Nash Stability Validation (Protein A) ===
  Initial perturbation: phi_rms=0.0784, psi_rms=0.1091
  Sweep 0: F=6.7766, |grad|=4.4172e-01, max_upd=6.2490e-02
  Sweep 20: F=-0.6695, |grad|=7.1629e-01, max_upd=1.6764e-01
  Sweep 40: F=-3.6682, |grad|=3.0038e-01, max_upd=6.8034e-02
  Sweep 60: F=-4.1715, |grad|=1.5360e-01, max_upd=3.7562e-02
  Sweep 80: F=-4.3773, |grad|=1.5005e-01, max_upd=3.7916e-02
  Sweep 100: F=-4.5619, |grad|=9.8388e-02, max_upd=3.4470e-02
  Sweep 120: F=-4.6029, |grad|=3.4286e-02, max_upd=1.4080e-02
  Sweep 140: F=-4.6084, |grad|=1.5929e-02, max_upd=4.9970e-03
  Sweep 160: F=-4.6102, |grad|=1.1326e-02, max_upd=4.5927e-03
  Sweep 180: F=-4.6113, |grad|=9.3603e-03, max_upd=4.1126e-03
  Sweep 200: F=-4.6120, |grad|=7.8723e-03, max_upd=3.5677e-03
  Sweep 220: F=-4.6125, |grad|=6.5280e-03, max_upd=3.0018e-03
  Sweep 240: F=-4.6129, |grad|=5.3074e-03, max_upd=2.4584e-03
  Sweep 260: F=-4.6131, |grad|=4.2350e-03, max_upd=1.9685e-03
  Sweep 280: F=-4.6132, |grad|=3.3261e-03, max_upd=1.5480e-03
  Final: phi_rms=1.0540, psi_rms=1.6609
  Nash stable: False

=== Best-Response Prediction (Protein B) ===
  Start 1/16...
  Start 2/16...
  Start 3/16...
  Start 4/16...
  Start 5/16...
  Start 6/16...
  Start 7/16...
  Start 8/16...
  Start 9/16...
  Start 10/16...
  Start 11/16...
  Start 12/16...
  Start 13/16...
  Start 14/16...
  Start 15/16...
  Start 16/16...
  Best: start=1, F=-39.4332, converged=True
  Comparison to native B: phi_rms=1.2468, psi_rms=2.1143

Wrote: /opt/fst_calculations/results/fst_iii/2XWR

=== Summary ===
A: grad_norm(theta*) = 0.304914
A: Hessian pos_frac = 0.80, min/med/max = -0.8749 / 0.3217 / 1.4437
A: Nash stable = False (phi_rms=1.0540, psi_rms=1.6609)
B: best F = -39.4332, grad_norm = 0.000323
B: vs native: phi_rms=1.2468, psi_rms=2.1143
